<?xml version="1.0" encoding="UTF-8" ?>
<testsuite errors="0" failures="1" hostname="wiki.sielog.com" name="org.netbeans.modules.compapp.catd.ConfiguredTest" tests="1" time="2.641" timestamp="2011-01-13T16:31:17">
  <properties>
    <property name="netbeans.autoupdate.country" value="DE" />
    <property name="com.sun.jbi.sa.internal.routing" value="true" />
    <property name="libs.DataBindingME.src" value="" />
    <property name="libs.j2me_ant_ext.javadoc" value="" />
    <property name="source.root" value="src" />
    <property name="org.openide.TopManager.GUI" value="true" />
    <property name="libs.proguard.javadoc" value="" />
    <property name="libs.junit.javadoc" value="/Applications/GlassFishESBv22/netbeans.app/Contents/Resources/netbeans/java2/docs/junit-3.8.2-api.zip" />
    <property name="libs.nsicom-ant-utils.src" value="" />
    <property name="libs.nokiaS80-ant-utils.javadoc" value="" />
    <property name="ant.core.lib" value="/Applications/GlassFishESBv22/netbeans.app/Contents/Resources/netbeans/java2/ant/lib/ant.jar" />
    <property name="libs.swing-app-framework.src" value="" />
    <property name="libs.jakarta_slide_ant_webdav.javadoc" value="" />
    <property name="libs.toplink.classpath" value="/Applications/GlassFishESBv22/netbeans.app/Contents/Resources/netbeans/java2/modules/ext/toplink/toplink-essentials.jar:/Applications/GlassFishESBv22/netbeans.app/Contents/Resources/netbeans/java2/modules/ext/toplink/toplink-essentials-agent.jar" />
    <property name="user.dir" value="/Users/manuelmaly/Development/Uni/AIC-2010-Group-25/lab2_25_app" />
    <property name="com.apple.mrj.application.apple.menu.about.name" value="NetBeans" />
    <property name="libs.hibernate-persistence.javadoc" value="" />
    <property name="libs.JMUnit4CLDC10.javadoc" value="/Applications/GlassFishESBv22/netbeans.app/Contents/Resources/netbeans/mobility8/modules/docs/jmunit-1.2.1-api.zip" />
    <property name="java.vm.version" value="17.1-b03-307" />
    <property name="libs.DataBindingME.classpath" value="/Applications/GlassFishESBv22/netbeans.app/Contents/Resources/netbeans/mobility8/modules/ext/netbeans_databindingme.jar" />
    <property name="libs.jstl11.maven-pom" value="" />
    <property name="libs.nsicom-ant-utils.classpath" value="/Applications/GlassFishESBv22/netbeans.app/Contents/Resources/netbeans/mobility8/ant/nblib/org-netbeans-modules-j2me-cdc-project-nsicom.jar" />
    <property name="libs.MySQLDriver.classpath" value="/Applications/GlassFishESBv22/netbeans.app/Contents/Resources/netbeans/ide11/modules/ext/mysql-connector-java-5.1.6-bin.jar" />
    <property name="jbi.content.additional" value="../lab2_25_nemesis/build/SEDeployment.jar" />
    <property name="libs.jstl11.src" value="" />
    <property name="netbeans.autoupdate.version" value="1.23" />
    <property name="libs.DataBindingME-PIM.maven-pom" value="" />
    <property name="libs.hibernate-support.maven-pom" value="" />
    <property name="libs.hibernate-support.javadoc" value="" />
    <property name="libs.NetBeans MIDP Components.maven-pom" value="" />
    <property name="jdk.home" value="/Library/Java/Home" />
    <property name="libs.javac-api.src" value="" />
    <property name="xml.module.install.dir" value="/Applications/GlassFishESBv22/netbeans.app/Contents/Resources/netbeans/xml2/modules" />
    <property name="sun.os.patch.level" value="unknown" />
    <property name="java.vm.specification.name" value="Java Virtual Machine Specification" />
    <property name="libs.semc-ant-utils.classpath" value="/Applications/GlassFishESBv22/netbeans.app/Contents/Resources/netbeans/mobility8/modules/ext/org-netbeans-modules-j2me-cdc-project-semc.jar" />
    <property name="libs.Encoder-Custom.javadoc" value="" />
    <property name="nb.show.statistics.ui" value="usageStatisticsEnabled" />
    <property name="netbeans.autoupdate.variant" value="" />
    <property name="have.tests" value="true" />
    <property name="libs.nokiaS80-ant-utils.maven-pom" value="" />
    <property name="org.xml.sax.driver" value="com.sun.org.apache.xerces.internal.jaxp.SAXParserImpl$JAXPSAXParser" />
    <property name="libs.nb_svg_midp_components.src" value="/Applications/GlassFishESBv22/netbeans.app/Contents/Resources/netbeans/mobility8/sources/nb_svg_midp_components-src.zip" />
    <property name="j2ee.server.instance" value="[/Users/manuelmaly/GlassFishESBv22/glassfish]deployer:Sun:AppServer::localhost:4848" />
    <property name="netbeans.derby.system.home" value="/Users/manuelmaly/GlassFishESBv22/glassfish/databases" />
    <property name="libs.NetBeans MIDP Components WMA.src" value="/Applications/GlassFishESBv22/netbeans.app/Contents/Resources/netbeans/mobility8/sources/netbeans_midp_components_wma-src.zip" />
    <property name="libs.javac-api.javadoc" value="" />
    <property name="os.name" value="Mac OS X" />
    <property name="esb.netbeans.platform" value="/Applications/GlassFishESBv22/netbeans.app/Contents/Resources/netbeans/platform10" />
    <property name="libs.beans-binding.classpath" value="/Applications/GlassFishESBv22/netbeans.app/Contents/Resources/netbeans/java2/modules/ext/beansbinding-1.2.1.jar" />
    <property name="libs.DataBindingME-SVG.javadoc" value="/Applications/GlassFishESBv22/netbeans.app/Contents/Resources/netbeans/mobility8/modules/docs/netbeans_databindingme_svg-api.zip" />
    <property name="libs.restapi.javadoc" value="/Applications/GlassFishESBv22/netbeans.app/Contents/Resources/netbeans/enterprise5/docs/jsr311-api-doc.zip" />
    <property name="mrj.version" value="1060.1.6.0_22-307" />
    <property name="libs.JWSAntTasks.maven-pom" value="" />
    <property name="libs.restapi.classpath" value="/Applications/GlassFishESBv22/netbeans.app/Contents/Resources/netbeans/enterprise5/modules/ext/rest/jsr311-api.jar" />
    <property name="java.vendor.url.bug" value="http://bugreport.apple.com/" />
    <property name="libs.nsicom-ant-utils.javadoc" value="" />
    <property name="libs.jaxb.maven-pom" value="" />
    <property name="os.arch" value="x86_64" />
    <property name="libs.Encoder-Custom.classpath" value="/Applications/GlassFishESBv22/netbeans.app/Contents/Resources/netbeans/soa2/modules/ext/encoder/custom.jar:/Applications/GlassFishESBv22/netbeans.app/Contents/Resources/netbeans/soa2/modules/ext/encoder/customencoder-xsdextension.jar" />
    <property name="user.name" value="manuelmaly" />
    <property name="libs.jsf12.javadoc" value="/Applications/GlassFishESBv22/netbeans.app/Contents/Resources/netbeans/enterprise5/docs/javaee5-doc-api.zip" />
    <property name="libs.swing-layout.maven-pom" value="" />
    <property name="build.classes.dir" value="build/jar" />
    <property name="netbeans.accept_license_class" value="org.netbeans.license.AcceptLicense" />
    <property name="enterprise.module.install.dir" value="/Applications/GlassFishESBv22/netbeans.app/Contents/Resources/netbeans/enterprise5/modules" />
    <property name="libs.jaxws21.javadoc" value="/Applications/GlassFishESBv22/netbeans.app/Contents/Resources/netbeans/java2/docs/jaxws-2_1-api-doc.zip" />
    <property name="user.country" value="DE" />
    <property name="libs.jstl11.javadoc" value="/Applications/GlassFishESBv22/netbeans.app/Contents/Resources/netbeans/enterprise5/docs/javaee5-doc-api.zip" />
    <property name="libs.JMUnit4CLDC11.src" value="" />
    <property name="meta.inf" value="src/conf" />
    <property name="netbeans.system_http_non_proxy_hosts" value="" />
    <property name="netbeans.home" value="/Applications/GlassFishESBv22/netbeans.app/Contents/Resources/netbeans/platform10" />
    <property name="build.compiler.emacs" value="true" />
    <property name="libs.ejb3-persistence.src" value="" />
    <property name="libs.nokiaS80-ant-utils.src" value="" />
    <property name="libs.cdc-pp-awt-layout.javadoc" value="" />
    <property name="libs.j2me_ant_ext.classpath" value="/Applications/GlassFishESBv22/netbeans.app/Contents/Resources/netbeans/mobility8/modules/org-netbeans-modules-mobility-antext.jar:/Applications/GlassFishESBv22/netbeans.app/Contents/Resources/netbeans/ide11/modules/org-netbeans-modules-classfile.jar" />
    <property name="java.endorsed.dirs" value="/System/Library/Java/JavaVirtualMachines/1.6.0.jdk/Contents/Home/lib/endorsed" />
    <property name="netbeans.dynamic.classpath" value="/Applications/GlassFishESBv22/netbeans.app/Contents/Resources/netbeans/platform10/core/core.jar:/Applications/GlassFishESBv22/netbeans.app/Contents/Resources/netbeans/platform10/core/org-openide-filesystems.jar:/Applications/GlassFishESBv22/netbeans.app/Contents/Resources/netbeans/nb6.7/core/org-netbeans-upgrader.jar:/Applications/GlassFishESBv22/netbeans.app/Contents/Resources/netbeans/nb6.7/core/locale/core_nb.jar" />
    <property name="libs.cdc-agui-swing-layout.maven-pom" value="" />
    <property name="libs.cdc-pp-awt-layout.src" value="/Applications/GlassFishESBv22/netbeans.app/Contents/Resources/netbeans/mobility8/sources/cdc-pp-awt-layout-src.zip" />
    <property name="java.vm.specification.version" value="1.0" />
    <property name="libs.jakarta_slide_ant_webdav.src" value="" />
    <property name="libs.sjmc-ant-utils.maven-pom" value="" />
    <property name="libs.JMUnit4CLDC10.maven-pom" value="" />
    <property name="ftp.nonProxyHosts" value="local|*.local|169.254/16|*.169.254/16" />
    <property name="libs.hibernate-persistence.classpath" value="/Applications/GlassFishESBv22/netbeans.app/Contents/Resources/netbeans/java2/modules/ext/hibernate/antlr-2.7.6.jar:/Applications/GlassFishESBv22/netbeans.app/Contents/Resources/netbeans/java2/modules/ext/hibernate/asm.jar:/Applications/GlassFishESBv22/netbeans.app/Contents/Resources/netbeans/java2/modules/ext/hibernate/asm-attrs.jar:/Applications/GlassFishESBv22/netbeans.app/Contents/Resources/netbeans/java2/modules/ext/hibernate/cglib-2.1.3.jar:/Applications/GlassFishESBv22/netbeans.app/Contents/Resources/netbeans/java2/modules/ext/hibernate/commons-collections-2.1.1.jar:/Applications/GlassFishESBv22/netbeans.app/Contents/Resources/netbeans/ide11/modules/ext/commons-logging-1.1.jar:/Applications/GlassFishESBv22/netbeans.app/Contents/Resources/netbeans/java2/modules/ext/hibernate/dom4j-1.6.1.jar:/Applications/GlassFishESBv22/netbeans.app/Contents/Resources/netbeans/java2/modules/ext/hibernate/ehcache-1.2.3.jar:/Applications/GlassFishESBv22/netbeans.app/Contents/Resources/netbeans/java2/modules/ext/hibernate/jdbc2_0-stdext.jar:/Applications/GlassFishESBv22/netbeans.app/Contents/Resources/netbeans/java2/modules/ext/hibernate/jta.jar:/Applications/GlassFishESBv22/netbeans.app/Contents/Resources/netbeans/java2/modules/ext/hibernate/hibernate3.jar:/Applications/GlassFishESBv22/netbeans.app/Contents/Resources/netbeans/java2/modules/ext/hibernate/hibernate-tools.jar:/Applications/GlassFishESBv22/netbeans.app/Contents/Resources/netbeans/java2/modules/ext/hibernate/hibernate-annotations.jar:/Applications/GlassFishESBv22/netbeans.app/Contents/Resources/netbeans/java2/modules/ext/hibernate/hibernate-commons-annotations.jar:/Applications/GlassFishESBv22/netbeans.app/Contents/Resources/netbeans/java2/modules/ext/hibernate/hibernate-entitymanager.jar:/Applications/GlassFishESBv22/netbeans.app/Contents/Resources/netbeans/java2/modules/ext/hibernate/javassist.jar:/Applications/GlassFishESBv22/netbeans.app/Contents/Resources/netbeans/java2/modules/ext/hibernate/ejb3-persistence.jar" />
    <property name="libs.jaxws21.src" value="" />
    <property name="libs.swing-app-framework.classpath" value="/Applications/GlassFishESBv22/netbeans.app/Contents/Resources/netbeans/java2/modules/ext/appframework-1.0.3.jar:/Applications/GlassFishESBv22/netbeans.app/Contents/Resources/netbeans/java2/modules/ext/swing-worker-1.1.jar" />
    <property name="netbeans.autoupdate.language" value="de" />
    <property name="libs.jakarta_slide_ant_webdav.classpath" value="/Applications/GlassFishESBv22/netbeans.app/Contents/Resources/netbeans/mobility8/modules/ext/commons-httpclient-3.0.1.jar:/Applications/GlassFishESBv22/netbeans.app/Contents/Resources/netbeans/ide11/modules/ext/commons-logging-1.1.jar:/Applications/GlassFishESBv22/netbeans.app/Contents/Resources/netbeans/java2/modules/ext/jdom-1.0.jar:/Applications/GlassFishESBv22/netbeans.app/Contents/Resources/netbeans/mobility8/modules/ext/jakarta-slide-webdavlib-2.1.jar:/Applications/GlassFishESBv22/netbeans.app/Contents/Resources/netbeans/mobility8/modules/ext/jakarta-slide-ant-webdav-2.1.jar" />
    <property name="org.netbeans.core.startup.specialResource" value="nullcom.sun.jdo.api.persistence.mapping.ejb" />
    <property name="libs.Encoder-Framework.javadoc" value="" />
    <property name="java.vendor" value="Apple Inc." />
    <property name="libs.JMUnit4CLDC10.src" value="" />
    <property name="file.separator" value="/" />
    <property name="libs.IdentityAntTasks.src" value="" />
    <property name="libs.ActiveSync.classpath" value="/Applications/GlassFishESBv22/netbeans.app/Contents/Resources/netbeans/mobility8/modules/ext/nbactivesync-5.0.jar" />
    <property name="libs.junit_4.maven-pom" value="" />
    <property name="netbeans.buildnumber" value="200912141238" />
    <property name="libs.JWSAntTasks.javadoc" value="" />
    <property name="sun.java.launcher" value="SUN_STANDARD" />
    <property name="libs.junit.classpath" value="/Applications/GlassFishESBv22/netbeans.app/Contents/Resources/netbeans/java2/modules/ext/junit-3.8.2.jar" />
    <property name="libs.jaxb.javadoc" value="" />
    <property name="libs.struts.classpath" value="/Applications/GlassFishESBv22/netbeans.app/Contents/Resources/netbeans/enterprise5/modules/ext/struts/antlr-2.7.2.jar:/Applications/GlassFishESBv22/netbeans.app/Contents/Resources/netbeans/enterprise5/modules/ext/struts/bsf-2.3.0.jar:/Applications/GlassFishESBv22/netbeans.app/Contents/Resources/netbeans/enterprise5/modules/ext/struts/commons-beanutils-1.7.0.jar:/Applications/GlassFishESBv22/netbeans.app/Contents/Resources/netbeans/enterprise5/modules/ext/struts/commons-chain-1.1.jar:/Applications/GlassFishESBv22/netbeans.app/Contents/Resources/netbeans/enterprise5/modules/ext/struts/commons-digester-1.8.jar:/Applications/GlassFishESBv22/netbeans.app/Contents/Resources/netbeans/enterprise5/modules/ext/struts/commons-fileupload-1.1.1.jar:/Applications/GlassFishESBv22/netbeans.app/Contents/Resources/netbeans/enterprise5/modules/ext/struts/commons-io-1.1.jar:/Applications/GlassFishESBv22/netbeans.app/Contents/Resources/netbeans/enterprise5/modules/ext/struts/commons-logging-1.0.4.jar:/Applications/GlassFishESBv22/netbeans.app/Contents/Resources/netbeans/enterprise5/modules/ext/struts/commons-validator-1.3.1.jar:/Applications/GlassFishESBv22/netbeans.app/Contents/Resources/netbeans/enterprise5/modules/ext/struts/jstl-1.0.2.jar:/Applications/GlassFishESBv22/netbeans.app/Contents/Resources/netbeans/enterprise5/modules/ext/struts/oro-2.0.8.jar:/Applications/GlassFishESBv22/netbeans.app/Contents/Resources/netbeans/enterprise5/modules/ext/struts/standard-1.0.2.jar:/Applications/GlassFishESBv22/netbeans.app/Contents/Resources/netbeans/enterprise5/modules/ext/struts/struts-core-1.3.8.jar:/Applications/GlassFishESBv22/netbeans.app/Contents/Resources/netbeans/enterprise5/modules/ext/struts/struts-el-1.3.8.jar:/Applications/GlassFishESBv22/netbeans.app/Contents/Resources/netbeans/enterprise5/modules/ext/struts/struts-extras-1.3.8.jar:/Applications/GlassFishESBv22/netbeans.app/Contents/Resources/netbeans/enterprise5/modules/ext/struts/struts-faces-1.3.8.jar:/Applications/GlassFishESBv22/netbeans.app/Contents/Resources/netbeans/enterprise5/modules/ext/struts/struts-mailreader-dao-1.3.8.jar:/Applications/GlassFishESBv22/netbeans.app/Contents/Resources/netbeans/enterprise5/modules/ext/struts/struts-scripting-1.3.8.jar:/Applications/GlassFishESBv22/netbeans.app/Contents/Resources/netbeans/enterprise5/modules/ext/struts/struts-taglib-1.3.8.jar:/Applications/GlassFishESBv22/netbeans.app/Contents/Resources/netbeans/enterprise5/modules/ext/struts/struts-tiles-1.3.8.jar" />
    <property name="ant.home" value="/Applications/GlassFishESBv22/netbeans.app/Contents/Resources/netbeans/java2/ant" />
    <property name="libs.junit_4.src" value="/Applications/GlassFishESBv22/netbeans.app/Contents/Resources/netbeans/java2/docs/junit-4.5-src.jar" />
    <property name="libs.ricoh-ant-utils.maven-pom" value="" />
    <property name="libs.absolutelayout.maven-pom" value="" />
    <property name="ant.java.version" value="1.6" />
    <property name="java.library.path" value=".:/Library/Java/Extensions:/System/Library/Java/Extensions:/usr/lib/java" />
    <property name="libs.metro.maven-pom" value="" />
    <property name="libs.IdentityAntTasks.classpath" value="/Applications/GlassFishESBv22/netbeans.app/Contents/Resources/netbeans/identity2/ant/nblib/org-netbeans-modules-identity-ant.jar:/Applications/GlassFishESBv22/netbeans.app/Contents/Resources/netbeans/identity2/modules/org-netbeans-modules-identity-profile-api.jar" />
    <property name="java.util.logging.config.class" value="org.netbeans.core.startup.TopLogging" />
    <property name="libs.PostgreSQLDriver.src" value="" />
    <property name="sun.arch.data.model" value="64" />
    <property name="basedir" value="/Users/manuelmaly/Development/Uni/AIC-2010-Group-25/lab2_25_app" />
    <property name="libs.ActiveSync.src" value="" />
    <property name="libs.NetBeans MIDP Components PDA.src" value="/Applications/GlassFishESBv22/netbeans.app/Contents/Resources/netbeans/mobility8/sources/netbeans_midp_components_pda-src.zip" />
    <property name="libs.jstl11.classpath" value="/Applications/GlassFishESBv22/netbeans.app/Contents/Resources/netbeans/enterprise5/modules/ext/standard.jar:/Applications/GlassFishESBv22/netbeans.app/Contents/Resources/netbeans/enterprise5/modules/ext/jstl.jar" />
    <property name="path.separator" value=":" />
    <property name="com.sun.aas.installRoot" value="/Users/manuelmaly/GlassFishESBv22/glassfish" />
    <property name="sun.io.unicode.encoding" value="UnicodeLittle" />
    <property name="libs.semc-ant-utils.javadoc" value="" />
    <property name="libs.jaxws21.classpath" value="/Applications/GlassFishESBv22/netbeans.app/Contents/Resources/netbeans/ide11/modules/ext/jaxb/activation.jar:/Applications/GlassFishESBv22/netbeans.app/Contents/Resources/netbeans/ide11/modules/ext/jaxb/api/jaxb-api.jar:/Applications/GlassFishESBv22/netbeans.app/Contents/Resources/netbeans/ide11/modules/ext/jaxb/jaxb-impl.jar:/Applications/GlassFishESBv22/netbeans.app/Contents/Resources/netbeans/ide11/modules/ext/jaxb/jaxb-xjc.jar:/Applications/GlassFishESBv22/netbeans.app/Contents/Resources/netbeans/ide11/modules/ext/jaxb/api/jsr173_api.jar:/Applications/GlassFishESBv22/netbeans.app/Contents/Resources/netbeans/java2/modules/ext/jaxws21/FastInfoset.jar:/Applications/GlassFishESBv22/netbeans.app/Contents/Resources/netbeans/java2/modules/ext/jaxws21/http.jar:/Applications/GlassFishESBv22/netbeans.app/Contents/Resources/netbeans/java2/modules/ext/jaxws21/api/jaxws-api.jar:/Applications/GlassFishESBv22/netbeans.app/Contents/Resources/netbeans/java2/modules/ext/jaxws21/jaxws-rt.jar:/Applications/GlassFishESBv22/netbeans.app/Contents/Resources/netbeans/java2/modules/ext/jaxws21/jaxws-tools.jar:/Applications/GlassFishESBv22/netbeans.app/Contents/Resources/netbeans/java2/modules/ext/jaxws21/api/jsr181-api.jar:/Applications/GlassFishESBv22/netbeans.app/Contents/Resources/netbeans/java2/modules/ext/jaxws21/api/jsr250-api.jar:/Applications/GlassFishESBv22/netbeans.app/Contents/Resources/netbeans/java2/modules/ext/jaxws21/mimepull.jar:/Applications/GlassFishESBv22/netbeans.app/Contents/Resources/netbeans/java2/modules/ext/jaxws21/api/saaj-api.jar:/Applications/GlassFishESBv22/netbeans.app/Contents/Resources/netbeans/java2/modules/ext/jaxws21/saaj-impl.jar:/Applications/GlassFishESBv22/netbeans.app/Contents/Resources/netbeans/java2/modules/ext/jaxws21/sjsxp.jar:/Applications/GlassFishESBv22/netbeans.app/Contents/Resources/netbeans/java2/modules/ext/jaxws21/stax-ex.jar:/Applications/GlassFishESBv22/netbeans.app/Contents/Resources/netbeans/java2/modules/ext/jaxws21/streambuffer.jar" />
    <property name="libs.struts.src" value="" />
    <property name="apple.awt.graphics.UseQuartz" value="false" />
    <property name="user.language" value="de" />
    <property name="libs.Encoder-Framework.src" value="" />
    <property name="ant.file." value="/Users/manuelmaly/Development/Uni/AIC-2010-Group-25/lab2_25_app/build.xml" />
    <property name="libs.spring-framework.classpath" value="/Applications/GlassFishESBv22/netbeans.app/Contents/Resources/netbeans/ide11/modules/ext/commons-logging-1.1.jar:/Applications/GlassFishESBv22/netbeans.app/Contents/Resources/netbeans/java2/modules/ext/cglib-2.2.jar:/Applications/GlassFishESBv22/netbeans.app/Contents/Resources/netbeans/java2/modules/ext/spring/spring-2.5.jar" />
    <property name="useJavaUtilZip" value="true" />
    <property name="libs.Encoder-Framework.classpath" value="/Applications/GlassFishESBv22/netbeans.app/Contents/Resources/netbeans/soa2/modules/ext/encoder/encoderframework.jar:/Applications/GlassFishESBv22/netbeans.app/Contents/Resources/netbeans/soa2/modules/ext/encoder/encoderfrmwk-xsdextension.jar:/Applications/GlassFishESBv22/netbeans.app/Contents/Resources/netbeans/soa2/modules/ext/xmlbeans-2.1.0/xbean.jar" />
    <property name="libs.swing-layout.javadoc" value="/Applications/GlassFishESBv22/netbeans.app/Contents/Resources/netbeans/platform10/docs/swing-layout-1.0.3-doc.zip" />
    <property name="libs.swing-app-framework.javadoc" value="/Applications/GlassFishESBv22/netbeans.app/Contents/Resources/netbeans/java2/docs/appframework-1.0.3-doc.zip" />
    <property name="libs.ejb3-persistence.maven-pom" value="" />
    <property name="libs.proguard.classpath" value="/Applications/GlassFishESBv22/netbeans.app/Contents/Resources/netbeans/mobility8/external/proguard/proguard4.2.jar" />
    <property name="resource.lab2_25_nemesis" value="../lab2_25_nemesis/setup" />
    <property name="gopherProxySet" value="false" />
    <property name="libs.DataBindingME-SVG.classpath" value="/Applications/GlassFishESBv22/netbeans.app/Contents/Resources/netbeans/mobility8/modules/ext/netbeans_databindingme_svg.jar" />
    <property name="https.nonProxyHosts" value="local|*.local|169.254/16|*.169.254/16|localhost|127.0.0.1|wiki.sielog.com" />
    <property name="libs.PostgreSQLDriver.maven-pom" value="" />
    <property name="java.class.version" value="50.0" />
    <property name="libs.cdc-ant-utils.classpath" value="/Applications/GlassFishESBv22/netbeans.app/Contents/Resources/netbeans/mobility8/modules/ext/org-netbeans-modules-j2me-cdc-project.jar" />
    <property name="netbeans.system_http_proxy" value="DIRECT" />
    <property name="libs.NetBeans MIDP Components WMA.maven-pom" value="" />
    <property name="user.properties.file" value="/Applications/GlassFishESBv22/netbeans.app/Contents/Resources/.netbeans/glassfishesb/build.properties" />
    <property name="libs.spring-framework.src" value="" />
    <property name="libs.javac-api.maven-pom" value="" />
    <property name="file.encoding.pkg" value="sun.io" />
    <property name="sun.cpu.endian" value="little" />
    <property name="libs.JWSAntTasks.classpath" value="/Applications/GlassFishESBv22/netbeans.app/Contents/Resources/netbeans/java2/ant/extra/org-netbeans-modules-javawebstart-anttasks.jar" />
    <property name="libs.PojoSELib.src" value="/Applications/GlassFishESBv22/netbeans.app/Contents/Resources/netbeans/soa2/modules/ext/jbi/sun-pojo-engine-api-src.jar" />
    <property name="libs.ant-contrib.classpath" value="/Applications/GlassFishESBv22/netbeans.app/Contents/Resources/netbeans/mobility8/modules/ext/ant-contrib-1.0b3.jar" />
    <property name="socksNonProxyHosts" value="local|*.local|169.254/16|*.169.254/16" />
    <property name="nbplatform.default.harness.dir" value="/Applications/GlassFishESBv22/netbeans.app/Contents/Resources/netbeans/harness" />
    <property name="java.home" value="/System/Library/Java/JavaVirtualMachines/1.6.0.jdk/Contents/Home" />
    <property name="libs.ricoh-ant-utils.src" value="" />
    <property name="libs.spring-webmvc.src" value="" />
    <property name="libs.ant-contrib.javadoc" value="" />
    <property name="ant.file.lab2_25_app-jbi-impl" value="/Users/manuelmaly/Development/Uni/AIC-2010-Group-25/lab2_25_app/nbproject/build-impl.xml" />
    <property name="netbeans.importclass" value="org.netbeans.upgrade.AutoUpgrade" />
    <property name="org.openide.TopManager" value="org.netbeans.core.NonGui" />
    <property name="libs.savaje-ant-utils.classpath" value="/Applications/GlassFishESBv22/netbeans.app/Contents/Resources/netbeans/mobility8/modules/ext/org-netbeans-modules-j2me-cdc-project-savaje.jar" />
    <property name="libs.toplink.maven-pom" value="" />
    <property name="libs.DataBindingME.maven-pom" value="" />
    <property name="libs.PostgreSQLDriver.javadoc" value="" />
    <property name="libs.restlib.classpath" value="/Applications/GlassFishESBv22/netbeans.app/Contents/Resources/netbeans/enterprise5/modules/ext/rest/jersey.jar:/Applications/GlassFishESBv22/netbeans.app/Contents/Resources/netbeans/enterprise5/modules/ext/rest/http.jar:/Applications/GlassFishESBv22/netbeans.app/Contents/Resources/netbeans/enterprise5/modules/ext/rest/wadl2java.jar:/Applications/GlassFishESBv22/netbeans.app/Contents/Resources/netbeans/enterprise5/modules/ext/rest/rome-0.9.jar:/Applications/GlassFishESBv22/netbeans.app/Contents/Resources/netbeans/enterprise5/modules/ext/rest/jdom-1.0.jar:/Applications/GlassFishESBv22/netbeans.app/Contents/Resources/netbeans/enterprise5/modules/ext/rest/jettison-1.0-RC1.jar:/Applications/GlassFishESBv22/netbeans.app/Contents/Resources/netbeans/enterprise5/modules/ext/rest/asm-3.1.jar:/Applications/GlassFishESBv22/netbeans.app/Contents/Resources/netbeans/enterprise5/modules/ext/rest/grizzly-servlet-webserver-1.7.3.2.jar:/Applications/GlassFishESBv22/netbeans.app/Contents/Resources/netbeans/enterprise5/modules/ext/rest/jersey-spring.jar:/Applications/GlassFishESBv22/netbeans.app/Contents/Resources/netbeans/ide11/modules/ext/jaxb/activation.jar:/Applications/GlassFishESBv22/netbeans.app/Contents/Resources/netbeans/ide11/modules/ext/jaxb/api/jaxb-api.jar:/Applications/GlassFishESBv22/netbeans.app/Contents/Resources/netbeans/ide11/modules/ext/jaxb/jaxb-impl.jar:/Applications/GlassFishESBv22/netbeans.app/Contents/Resources/netbeans/ide11/modules/ext/jaxb/jaxb-xjc.jar:/Applications/GlassFishESBv22/netbeans.app/Contents/Resources/netbeans/ide11/modules/ext/jaxb/api/jsr173_api.jar" />
    <property name="libs.JMUnit4CLDC11.javadoc" value="/Applications/GlassFishESBv22/netbeans.app/Contents/Resources/netbeans/mobility8/modules/docs/jmunit-1.2.1-api.zip" />
    <property name="jbi.service-unit.description" value="Represents this Service Unit" />
    <property name="libs.nsicom-ant-utils.maven-pom" value="" />
    <property name="libs.MySQLDriver.maven-pom" value="" />
    <property name="libs.savaje-ant-utils.src" value="" />
    <property name="http.nonProxyHosts" value="local|*.local|169.254/16|*.169.254/16" />
    <property name="libs.junit_4.javadoc" value="/Applications/GlassFishESBv22/netbeans.app/Contents/Resources/netbeans/java2/docs/junit-4.5-api.zip" />
    <property name="libs.spring-webmvc.javadoc" value="" />
    <property name="libs.toplink.src" value="" />
    <property name="test.results.dir" value="/Users/manuelmaly/Development/Uni/AIC-2010-Group-25/lab2_25_app/test/results" />
    <property name="libs.cdc-pp-awt-layout.classpath" value="/Applications/GlassFishESBv22/netbeans.app/Contents/Resources/netbeans/mobility8/modules/ext/cdc-pp-awt-layout.jar" />
    <property name="libs.cdc-agui-swing-layout.src" value="/Applications/GlassFishESBv22/netbeans.app/Contents/Resources/netbeans/mobility8/sources/cdc-agui-swing-layout-src.zip" />
    <property name="libs.hibernate-support.src" value="" />
    <property name="libs.JMUnit4CLDC11.classpath" value="/Applications/GlassFishESBv22/netbeans.app/Contents/Resources/netbeans/mobility8/modules/ext/jmunit4cldc11-1.2.1.jar" />
    <property name="sun.awt.datatransfer.timeout" value="1000" />
    <property name="apple.awt.graphics.UseOpenGL" value="false" />
    <property name="libs.nb_svg_midp_components.classpath" value="/Applications/GlassFishESBv22/netbeans.app/Contents/Resources/netbeans/mobility8/modules/ext/nb_svg_midp_components.jar" />
    <property name="libs.PojoSELib.classpath" value="/Applications/GlassFishESBv22/netbeans.app/Contents/Resources/netbeans/soa2/modules/ext/jbi/sun-pojo-engine-api.jar:/Applications/GlassFishESBv22/netbeans.app/Contents/Resources/netbeans/soa2/modules/ext/jbi/jbi.jar" />
    <property name="libs.NetBeans MIDP Components PDA.classpath" value="/Applications/GlassFishESBv22/netbeans.app/Contents/Resources/netbeans/mobility8/modules/ext/netbeans_midp_components_pda.jar" />
    <property name="libs.semc-ant-utils.maven-pom" value="" />
    <property name="libs.restapi.src" value="" />
    <property name="libs.NetBeans MIDP Components.javadoc" value="/Applications/GlassFishESBv22/netbeans.app/Contents/Resources/netbeans/mobility8/modules/docs/netbeans_midp_components_basic-api.zip" />
    <property name="sun.management.compiler" value="HotSpot 64-Bit Server Compiler" />
    <property name="sun.java2d.noddraw" value="true" />
    <property name="libs.spring-webmvc.classpath" value="/Applications/GlassFishESBv22/netbeans.app/Contents/Resources/netbeans/enterprise5/modules/ext/spring/spring-webmvc-2.5.jar" />
    <property name="ant.file" value="/Users/manuelmaly/Development/Uni/AIC-2010-Group-25/lab2_25_app/build.xml" />
    <property name="libs.beans-binding.maven-pom" value="" />
    <property name="com.sun.jbi.routing.bc.autoconnect" value="true" />
    <property name="libs.jsf12.classpath" value="/Applications/GlassFishESBv22/netbeans.app/Contents/Resources/netbeans/enterprise5/modules/ext/jsf-1_2/commons-beanutils.jar:/Applications/GlassFishESBv22/netbeans.app/Contents/Resources/netbeans/enterprise5/modules/ext/jsf-1_2/commons-collections.jar:/Applications/GlassFishESBv22/netbeans.app/Contents/Resources/netbeans/enterprise5/modules/ext/jsf-1_2/commons-digester.jar:/Applications/GlassFishESBv22/netbeans.app/Contents/Resources/netbeans/enterprise5/modules/ext/jsf-1_2/commons-logging.jar:/Applications/GlassFishESBv22/netbeans.app/Contents/Resources/netbeans/enterprise5/modules/ext/jsf-1_2/jsf-api.jar:/Applications/GlassFishESBv22/netbeans.app/Contents/Resources/netbeans/enterprise5/modules/ext/jsf-1_2/jsf-impl.jar" />
    <property name="sun.awt.exception.handler" value="org.netbeans.core.startup.TopLogging$AWTHandler" />
    <property name="GenerateATSOutput" value="${generate.ats.output}" />
    <property name="libs.restapi.maven-pom" value="" />
    <property name="no.catd.context" value="true" />
    <property name="libs.beans-binding.src" value="" />
    <property name="libs.NetBeans MIDP Components PDA.javadoc" value="/Applications/GlassFishESBv22/netbeans.app/Contents/Resources/netbeans/mobility8/modules/docs/netbeans_midp_components_pda-api.zip" />
    <property name="java.vm.specification.vendor" value="Sun Microsystems Inc." />
    <property name="libs.DataBindingME-PIM.javadoc" value="/Applications/GlassFishESBv22/netbeans.app/Contents/Resources/netbeans/mobility8/modules/docs/netbeans_databindingme_pim-api.zip" />
    <property name="libs.swing-layout.src" value="/Applications/GlassFishESBv22/netbeans.app/Contents/Resources/netbeans/platform10/docs/swing-layout-1.0.3-src.zip" />
    <property name="libs.j2me_ant_ext.src" value="" />
    <property name="org.openide.major.version" value="IDE/1" />
    <property name="java.vm.name" value="Java HotSpot(TM) 64-Bit Server VM" />
    <property name="libs.Encoder-Custom.maven-pom" value="" />
    <property name="netbeans.user" value="/Applications/GlassFishESBv22/netbeans.app/Contents/Resources/.netbeans/glassfishesb" />
    <property name="libs.ricoh-ant-utils.classpath" value="/Applications/GlassFishESBv22/netbeans.app/Contents/Resources/netbeans/mobility8/modules/ext/org-netbeans-modules-j2me-cdc-project-ricoh.jar:/Applications/GlassFishESBv22/netbeans.app/Contents/Resources/netbeans/mobility8/modules/ext/RicohAntTasks-2.0.jar:/Applications/GlassFishESBv22/netbeans.app/Contents/Resources/netbeans/mobility8/modules/ext/commons-httpclient-3.0.jar:/Applications/GlassFishESBv22/netbeans.app/Contents/Resources/netbeans/ide11/modules/ext/commons-logging-1.1.jar:/Applications/GlassFishESBv22/netbeans.app/Contents/Resources/netbeans/mobility8/modules/ext/commons-codec-1.3.jar" />
    <property name="java.io.tmpdir" value="/var/folders/CN/CN9lWWVcGL8yTafU2CHebE+++TI/-Tmp-/" />
    <property name="java.vendor.url" value="http://www.apple.com/" />
    <property name="jspc.classpath" value="/Applications/GlassFishESBv22/netbeans.app/Contents/Resources/netbeans/java2/ant/lib/ant.jar:/Applications/GlassFishESBv22/netbeans.app/Contents/Resources/netbeans/enterprise5/modules/ext/servlet2.5-jsp2.1-api.jar:${j2ee.platform.classpath}:/Applications/GlassFishESBv22/netbeans.app/Contents/Resources/netbeans/enterprise5/modules/ext/glassfish-jspparser-2.0.jar:/Applications/GlassFishESBv22/netbeans.app/Contents/Resources/netbeans/enterprise5/modules/ext/glassfish-logging-2.0.jar:/Applications/GlassFishESBv22/netbeans.app/Contents/Resources/netbeans/ide11/modules/ext/commons-logging-1.1.jar:/Applications/GlassFishESBv22/netbeans.app/Contents/Resources/netbeans/java2/ant/lib/ant-launcher.jar" />
    <property name="mrj.build" value="10M3261" />
    <property name="sun.boot.library.path" value="/System/Library/Java/JavaVirtualMachines/1.6.0.jdk/Contents/Libraries" />
    <property name="src.build.dir" value="src/jbiServiceUnits" />
    <property name="libs.DataBindingME-SVG.src" value="" />
    <property name="dist.jar" value="dist/lab2_25_app.zip" />
    <property name="java.runtime.name" value="Java(TM) SE Runtime Environment" />
    <property name="ant.project.name" value="" />
    <property name="libs.PojoSELib.javadoc" value="/Applications/GlassFishESBv22/netbeans.app/Contents/Resources/netbeans/soa2/modules/ext/jbi/sun-pojo-engine-api-javadoc.jar" />
    <property name="netbeans.hash.code" value="unique=NB_GLASSFISH_SOA06104799d-3649-4214-af2e-d953ce5e4b2e_eae07ecb-ce67-4f7e-98e4-546fd3c4fa5f" />
    <property name="libs.j2me_ant_ext.maven-pom" value="" />
    <property name="sun.cpu.isalist" value="" />
    <property name="libs.CopyLibs.javadoc" value="" />
    <property name="libs.ActiveSync.javadoc" value="" />
    <property name="org.openide.specification.version" value="6.2" />
    <property name="libs.DataBindingME-PIM.classpath" value="/Applications/GlassFishESBv22/netbeans.app/Contents/Resources/netbeans/mobility8/modules/ext/netbeans_databindingme_pim.jar" />
    <property name="libs.hibernate-support.classpath" value="/Applications/GlassFishESBv22/netbeans.app/Contents/Resources/netbeans/java2/modules/ext/hibernate/antlr-2.7.6.jar:/Applications/GlassFishESBv22/netbeans.app/Contents/Resources/netbeans/java2/modules/ext/hibernate/asm.jar:/Applications/GlassFishESBv22/netbeans.app/Contents/Resources/netbeans/java2/modules/ext/hibernate/asm-attrs.jar:/Applications/GlassFishESBv22/netbeans.app/Contents/Resources/netbeans/java2/modules/ext/hibernate/cglib-2.1.3.jar:/Applications/GlassFishESBv22/netbeans.app/Contents/Resources/netbeans/java2/modules/ext/hibernate/commons-collections-2.1.1.jar:/Applications/GlassFishESBv22/netbeans.app/Contents/Resources/netbeans/ide11/modules/ext/commons-logging-1.1.jar:/Applications/GlassFishESBv22/netbeans.app/Contents/Resources/netbeans/java2/modules/ext/hibernate/dom4j-1.6.1.jar:/Applications/GlassFishESBv22/netbeans.app/Contents/Resources/netbeans/java2/modules/ext/hibernate/ehcache-1.2.3.jar:/Applications/GlassFishESBv22/netbeans.app/Contents/Resources/netbeans/java2/modules/ext/hibernate/jdbc2_0-stdext.jar:/Applications/GlassFishESBv22/netbeans.app/Contents/Resources/netbeans/java2/modules/ext/hibernate/jta.jar:/Applications/GlassFishESBv22/netbeans.app/Contents/Resources/netbeans/java2/modules/ext/hibernate/hibernate3.jar:/Applications/GlassFishESBv22/netbeans.app/Contents/Resources/netbeans/java2/modules/ext/hibernate/hibernate-tools.jar:/Applications/GlassFishESBv22/netbeans.app/Contents/Resources/netbeans/java2/modules/ext/hibernate/hibernate-annotations.jar:/Applications/GlassFishESBv22/netbeans.app/Contents/Resources/netbeans/java2/modules/ext/hibernate/hibernate-commons-annotations.jar:/Applications/GlassFishESBv22/netbeans.app/Contents/Resources/netbeans/java2/modules/ext/hibernate/hibernate-entitymanager.jar:/Applications/GlassFishESBv22/netbeans.app/Contents/Resources/netbeans/java2/modules/ext/hibernate/javassist.jar" />
    <property name="user.home" value="/Users/manuelmaly" />
    <property name="libs.NetBeans MIDP Components.classpath" value="/Applications/GlassFishESBv22/netbeans.app/Contents/Resources/netbeans/mobility8/modules/ext/netbeans_midp_components_basic.jar" />
    <property name="com.sun.jbi.routing" value="true" />
    <property name="libs.JWSAntTasks.src" value="" />
    <property name="libs.CopyLibs.maven-pom" value="" />
    <property name="libs.hibernate-persistence.maven-pom" value="" />
    <property name="libs.absolutelayout.javadoc" value="" />
    <property name="java.specification.name" value="Java Platform API Specification" />
    <property name="libs.swing-app-framework.maven-pom" value="" />
    <property name="libs.jakarta_slide_ant_webdav.maven-pom" value="" />
    <property name="libs.NetBeans MIDP Components WMA.classpath" value="/Applications/GlassFishESBv22/netbeans.app/Contents/Resources/netbeans/mobility8/modules/ext/netbeans_midp_components_wma.jar" />
    <property name="project.lab2_25_nemesis" value="../lab2_25_nemesis" />
    <property name="ide.module.install.dir" value="/Applications/GlassFishESBv22/netbeans.app/Contents/Resources/netbeans/ide11/modules" />
    <property name="libs.sjmc-ant-utils.src" value="" />
    <property name="libs.cdc-agui-swing-layout.javadoc" value="" />
    <property name="java.specification.vendor" value="Sun Microsystems Inc." />
    <property name="libs.javac-api.classpath" value="/Applications/GlassFishESBv22/netbeans.app/Contents/Resources/netbeans/java2/modules/ext/javac-api-nb-7.0-b07.jar" />
    <property name="libs.nokiaS80-ant-utils.classpath" value="/Applications/GlassFishESBv22/netbeans.app/Contents/Resources/netbeans/mobility8/modules/ext/org-netbeans-modules-j2me-cdc-project-nokiaS80.jar" />
    <property name="java.version" value="1.6.0_22" />
    <property name="libs.NetBeans MIDP Components WMA.javadoc" value="/Applications/GlassFishESBv22/netbeans.app/Contents/Resources/netbeans/mobility8/modules/docs/netbeans_midp_components_wma-api.zip" />
    <property name="libs.MySQLDriver.javadoc" value="" />
    <property name="org.openide.version" value="deprecated" />
    <property name="libs.ActiveSync.maven-pom" value="" />
    <property name="source.encoding" value="UTF-8" />
    <property name="awt.nativeDoubleBuffering" value="true" />
    <property name="libs.junit.maven-pom" value="" />
    <property name="libs.metro.javadoc" value="/Applications/GlassFishESBv22/netbeans.app/Contents/Resources/netbeans/enterprise5/docs/metro-1.4-doc.zip" />
    <property name="libs.struts.maven-pom" value="" />
    <property name="NetBeansUserDir" value="/Applications/GlassFishESBv22/netbeans.app/Contents/Resources/.netbeans/glassfishesb" />
    <property name="test.dir" value="test" />
    <property name="libs.IdentityAntTasks.maven-pom" value="" />
    <property name="libs.jaxb.src" value="" />
    <property name="libs.cdc-ant-utils.src" value="" />
    <property name="libs.jaxb.classpath" value="/Applications/GlassFishESBv22/netbeans.app/Contents/Resources/netbeans/ide11/modules/ext/jaxb/activation.jar:/Applications/GlassFishESBv22/netbeans.app/Contents/Resources/netbeans/ide11/modules/ext/jaxb/api/jaxb-api.jar:/Applications/GlassFishESBv22/netbeans.app/Contents/Resources/netbeans/ide11/modules/ext/jaxb/jaxb-impl.jar:/Applications/GlassFishESBv22/netbeans.app/Contents/Resources/netbeans/ide11/modules/ext/jaxb/jaxb-xjc.jar:/Applications/GlassFishESBv22/netbeans.app/Contents/Resources/netbeans/ide11/modules/ext/jaxb/api/jsr173_api.jar" />
    <property name="libs.swing-layout.classpath" value="/Applications/GlassFishESBv22/netbeans.app/Contents/Resources/netbeans/platform10/modules/ext/swing-layout-1.0.3.jar" />
    <property name="libs.restlib.src" value="" />
    <property name="build.generated.dir" value="build/generated" />
    <property name="libs.hibernate-persistence.src" value="" />
    <property name="libs.proguard.src" value="" />
    <property name="line.separator" value="
" />
    <property name="java.specification.version" value="1.6" />
    <property name="libs.nb_svg_midp_components.javadoc" value="/Applications/GlassFishESBv22/netbeans.app/Contents/Resources/netbeans/mobility8/modules/docs/nb_svg_midp_components-api.zip" />
    <property name="libs.jaxws21.maven-pom" value="" />
    <property name="java.vm.info" value="mixed mode" />
    <property name="nb.registration.enabled" value="false" />
    <property name="libs.cdc-ant-utils.javadoc" value="" />
    <property name="libs.spring-framework.maven-pom" value="" />
    <property name="sun.boot.class.path" value="/System/Library/Java/JavaVirtualMachines/1.6.0.jdk/Contents/Classes/jsfd.jar:/System/Library/Java/JavaVirtualMachines/1.6.0.jdk/Contents/Classes/classes.jar:/System/Library/Frameworks/JavaVM.framework/Frameworks/JavaRuntimeSupport.framework/Resources/Java/JavaRuntimeSupport.jar:/System/Library/Java/JavaVirtualMachines/1.6.0.jdk/Contents/Classes/ui.jar:/System/Library/Java/JavaVirtualMachines/1.6.0.jdk/Contents/Classes/laf.jar:/System/Library/Java/JavaVirtualMachines/1.6.0.jdk/Contents/Classes/sunrsasign.jar:/System/Library/Java/JavaVirtualMachines/1.6.0.jdk/Contents/Classes/jsse.jar:/System/Library/Java/JavaVirtualMachines/1.6.0.jdk/Contents/Classes/jce.jar:/System/Library/Java/JavaVirtualMachines/1.6.0.jdk/Contents/Classes/charsets.jar" />
    <property name="src.dir" value="src/jbiasa" />
    <property name="libs.Encoder-Framework.maven-pom" value="" />
    <property name="libs.IdentityAntTasks.javadoc" value="" />
    <property name="libs.proguard.maven-pom" value="" />
    <property name="libs.jsf12.src" value="" />
    <property name="libs.DataBindingME-SVG.maven-pom" value="" />
    <property name="libs.savaje-ant-utils.javadoc" value="" />
    <property name="nbplatform.default.netbeans.dest.dir" value="/Applications/GlassFishESBv22/netbeans.app/Contents/Resources/netbeans" />
    <property name="libs.struts.javadoc" value="/Applications/GlassFishESBv22/netbeans.app/Contents/Resources/netbeans/enterprise5/docs/struts-1.3.8-javadoc.zip" />
    <property name="jspctask.classpath" value="/Applications/GlassFishESBv22/netbeans.app/Contents/Resources/netbeans/enterprise5/ant/extra/jspcompile.jar" />
    <property name="libs.cdc-ant-utils.maven-pom" value="" />
    <property name="libs.cdc-agui-swing-layout.classpath" value="/Applications/GlassFishESBv22/netbeans.app/Contents/Resources/netbeans/mobility8/modules/ext/cdc-agui-swing-layout.jar" />
    <property name="dist.dir" value="dist" />
    <property name="libs.sjmc-ant-utils.classpath" value="/Applications/GlassFishESBv22/netbeans.app/Contents/Resources/netbeans/mobility8/modules/ext/org-netbeans-modules-j2me-cdc-project-sjmc.jar" />
    <property name="org.netbeans.modules.compapp.catd.context" value="" />
    <property name="libs.JMUnit4CLDC10.classpath" value="/Applications/GlassFishESBv22/netbeans.app/Contents/Resources/netbeans/mobility8/modules/ext/jmunit4cldc10-1.2.1.jar" />
    <property name="java.awt.printerjob" value="apple.awt.CPrinterJob" />
    <property name="default.javac.source" value="1.6" />
    <property name="reference.lab2_25_nemesis.dist_se" value="../lab2_25_nemesis/build/SEDeployment.jar" />
    <property name="sun.jnu.encoding" value="MacRoman" />
    <property name="libs.MySQLDriver.src" value="" />
    <property name="jbi.service-assembly.id" value="lab2_25_app" />
    <property name="libs.ant-contrib.maven-pom" value="" />
    <property name="java.runtime.version" value="1.6.0_22-b04-307-10M3261" />
    <property name="libs.ejb3-persistence.javadoc" value="" />
    <property name="libs.NetBeans MIDP Components.src" value="/Applications/GlassFishESBv22/netbeans.app/Contents/Resources/netbeans/mobility8/sources/netbeans_midp_components_basic-src.zip" />
    <property name="libs.sjmc-ant-utils.javadoc" value="" />
    <property name="jbi.service-assembly.description" value="Represents the Service Assembly of lab2_25_app" />
    <property name="default.javac.target" value="1.6" />
    <property name="libs.junit_4.classpath" value="/Applications/GlassFishESBv22/netbeans.app/Contents/Resources/netbeans/platform10/modules/ext/junit-4.5.jar" />
    <property name="user.timezone" value="" />
    <property name="java.module.install.dir" value="/Applications/GlassFishESBv22/netbeans.app/Contents/Resources/netbeans/java2/modules" />
    <property name="libs.ant-contrib.src" value="" />
    <property name="netbeans.dirs" value="/Applications/GlassFishESBv22/netbeans.app/Contents/Resources/netbeans/nb6.7:/Applications/GlassFishESBv22/netbeans.app/Contents/Resources/netbeans/ide11:/Applications/GlassFishESBv22/netbeans.app/Contents/Resources/netbeans/java2:/Applications/GlassFishESBv22/netbeans.app/Contents/Resources/netbeans/xml2:/Applications/GlassFishESBv22/netbeans.app/Contents/Resources/netbeans/apisupport1:/Applications/GlassFishESBv22/netbeans.app/Contents/Resources/netbeans/webcommon1:/Applications/GlassFishESBv22/netbeans.app/Contents/Resources/netbeans/websvccommon1:/Applications/GlassFishESBv22/netbeans.app/Contents/Resources/netbeans/enterprise5:/Applications/GlassFishESBv22/netbeans.app/Contents/Resources/netbeans/mobility8:/Applications/GlassFishESBv22/netbeans.app/Contents/Resources/netbeans/profiler3:/Applications/GlassFishESBv22/netbeans.app/Contents/MacOS/../Resources/netbeans/bin/../ruby2:/Applications/GlassFishESBv22/netbeans.app/Contents/MacOS/../Resources/netbeans/bin/../python1:/Applications/GlassFishESBv22/netbeans.app/Contents/MacOS/../Resources/netbeans/bin/../php1:/Applications/GlassFishESBv22/netbeans.app/Contents/MacOS/../Resources/netbeans/bin/../visualweb2:/Applications/GlassFishESBv22/netbeans.app/Contents/Resources/netbeans/soa2:/Applications/GlassFishESBv22/netbeans.app/Contents/Resources/netbeans/identity2:/Applications/GlassFishESBv22/netbeans.app/Contents/MacOS/../Resources/netbeans/bin/../uml6:/Applications/GlassFishESBv22/netbeans.app/Contents/Resources/netbeans/harness:/Applications/GlassFishESBv22/netbeans.app/Contents/MacOS/../Resources/netbeans/bin/../cnd2:/Applications/GlassFishESBv22/netbeans.app/Contents/MacOS/../Resources/netbeans/bin/../dlight1:/Applications/GlassFishESBv22/netbeans.app/Contents/MacOS/../Resources/netbeans/bin/../groovy1:/Applications/GlassFishESBv22/netbeans.app/Contents/MacOS/../Resources/netbeans/bin/../extra:/Applications/GlassFishESBv22/netbeans.app/Contents/MacOS/../Resources/netbeans/bin/../javafx2:/Applications/GlassFishESBv22/netbeans.app/Contents/MacOS/../Resources/netbeans/bin/../{ide-cluster}:/Applications/GlassFishESBv22/netbeans.app/Contents/MacOS/../Resources/netbeans/bin/../{xml-cluster}:" />
    <property name="java.ext.dirs" value="/Library/Java/Extensions:/System/Library/Java/Extensions:/System/Library/Java/JavaVirtualMachines/1.6.0.jdk/Contents/Home/lib/ext" />
    <property name="libs.metro.src" value="" />
    <property name="libs.savaje-ant-utils.maven-pom" value="" />
    <property name="libs.semc-ant-utils.src" value="" />
    <property name="libs.absolutelayout.classpath" value="/Applications/GlassFishESBv22/netbeans.app/Contents/Resources/netbeans/java2/modules/ext/AbsoluteLayout.jar" />
    <property name="libs.metro.classpath" value="/Applications/GlassFishESBv22/netbeans.app/Contents/Resources/netbeans/ide11/modules/ext/jaxb/activation.jar:/Applications/GlassFishESBv22/netbeans.app/Contents/Resources/netbeans/enterprise5/modules/ext/metro/webservices-api.jar:/Applications/GlassFishESBv22/netbeans.app/Contents/Resources/netbeans/enterprise5/modules/ext/metro/webservices-extra-api.jar:/Applications/GlassFishESBv22/netbeans.app/Contents/Resources/netbeans/enterprise5/modules/ext/metro/webservices-extra.jar:/Applications/GlassFishESBv22/netbeans.app/Contents/Resources/netbeans/enterprise5/modules/ext/metro/webservices-rt.jar:/Applications/GlassFishESBv22/netbeans.app/Contents/Resources/netbeans/enterprise5/modules/ext/metro/webservices-tools.jar" />
    <property name="libs.restlib.maven-pom" value="" />
    <property name="libs.DataBindingME.javadoc" value="/Applications/GlassFishESBv22/netbeans.app/Contents/Resources/netbeans/mobility8/modules/docs/netbeans_databindingme-api.zip" />
    <property name="apple.laf.useScreenMenuBar" value="true" />
    <property name="jbi.content.component" value="sun-bpel-engine" />
    <property name="java.class.path" value="/Applications/GlassFishESBv22/netbeans.app/Contents/Resources/netbeans/soa2/modules/org-netbeans-modules-compapp-manager-jbi.jar:/Applications/GlassFishESBv22/netbeans.app/Contents/Resources/netbeans/soa2/modules/org-netbeans-modules-compapp-projects-jbi.jar:/Applications/GlassFishESBv22/netbeans.app/Contents/Resources/netbeans/soa2/modules/ext/jbi/jbi-admin-common.jar:/Applications/GlassFishESBv22/netbeans.app/Contents/Resources/netbeans/soa2/modules/ext/jbi/catd.jar:/Applications/GlassFishESBv22/netbeans.app/Contents/Resources/netbeans/java2/modules/ext/junit-3.8.2.jar:/Applications/GlassFishESBv22/netbeans.app/Contents/Resources/netbeans/java2/modules/ext/jaxws21/api/saaj-api.jar:/Applications/GlassFishESBv22/netbeans.app/Contents/Resources/netbeans/java2/modules/ext/jaxws21/saaj-impl.jar:/Applications/GlassFishESBv22/netbeans.app/Contents/Resources/netbeans/java2/modules/ext/jaxws21/FastInfoset.jar:/Applications/GlassFishESBv22/netbeans.app/Contents/Resources/netbeans/ide11/modules/org-netbeans-modules-editor-lib.jar:/Applications/GlassFishESBv22/netbeans.app/Contents/Resources/netbeans/ide11/modules/org-netbeans-modules-editor.jar:/Applications/GlassFishESBv22/netbeans.app/Contents/Resources/netbeans/ide11/modules/org-netbeans-modules-editor-util.jar:/Applications/GlassFishESBv22/netbeans.app/Contents/Resources/netbeans/ide11/modules/org-netbeans-modules-editor-lib2.jar:/Applications/GlassFishESBv22/netbeans.app/Contents/Resources/netbeans/ide11/modules/org-netbeans-modules-editor-indent.jar:/Applications/GlassFishESBv22/netbeans.app/Contents/Resources/netbeans/ide11/modules/org-netbeans-modules-editor-plain.jar:/Applications/GlassFishESBv22/netbeans.app/Contents/Resources/netbeans/ide11/modules/org-netbeans-modules-editor-plain-lib.jar:/Applications/GlassFishESBv22/netbeans.app/Contents/Resources/netbeans/ide11/modules/org-netbeans-modules-editor-settings.jar:/Applications/GlassFishESBv22/netbeans.app/Contents/Resources/netbeans/ide11/modules/org-netbeans-modules-editor-settings-storage.jar:/Applications/GlassFishESBv22/netbeans.app/Contents/Resources/netbeans/ide11/modules/org-netbeans-modules-lexer.jar:/Applications/GlassFishESBv22/netbeans.app/Contents/Resources/netbeans/ide11/modules/org-netbeans-modules-xml-core.jar:/Applications/GlassFishESBv22/netbeans.app/Contents/Resources/netbeans/ide11/modules/org-netbeans-modules-xml-lexer.jar:/Applications/GlassFishESBv22/netbeans.app/Contents/Resources/netbeans/ide11/modules/org-netbeans-modules-xml-text.jar:/Applications/GlassFishESBv22/netbeans.app/Contents/Resources/netbeans/ide11/modules/org-netbeans-modules-xml-xdm.jar:/Applications/GlassFishESBv22/netbeans.app/Contents/Resources/netbeans/ide11/modules/org-netbeans-modules-xml-xam.jar:/Applications/GlassFishESBv22/netbeans.app/Contents/Resources/netbeans/ide11/modules/org-netbeans-modules-csl-api.jar:/Applications/GlassFishESBv22/netbeans.app/Contents/Resources/netbeans/ide11/modules/ext/jaxb/activation.jar:/Applications/GlassFishESBv22/netbeans.app/Contents/Resources/netbeans/platform10/lib/org-openide-modules.jar:/Applications/GlassFishESBv22/netbeans.app/Contents/Resources/netbeans/platform10/lib/org-openide-util.jar:/Applications/GlassFishESBv22/netbeans.app/Contents/Resources/netbeans/platform10/modules/org-openide-options.jar:/Applications/GlassFishESBv22/netbeans.app/Contents/Resources/netbeans/platform10/modules/org-openide-text.jar:/Applications/GlassFishESBv22/netbeans.app/Contents/Resources/netbeans/platform10/modules/org-openide-loaders.jar:/Applications/GlassFishESBv22/netbeans.app/Contents/Resources/netbeans/platform10/modules/org-openide-nodes.jar:/Applications/GlassFishESBv22/netbeans.app/Contents/Resources/netbeans/platform10/modules/org-netbeans-modules-editor-mimelookup.jar:/Applications/GlassFishESBv22/netbeans.app/Contents/Resources/netbeans/platform10/modules/org-netbeans-modules-editor-mimelookup-impl.jar:/Applications/GlassFishESBv22/netbeans.app/Contents/Resources/netbeans/platform10/core/org-openide-filesystems.jar:/Applications/GlassFishESBv22/netbeans.app/Contents/Resources/netbeans/java2/ant/lib/ant-launcher.jar:/Applications/GlassFishESBv22/netbeans.app/Contents/Resources/netbeans/java2/ant/lib/ant.jar:/Applications/GlassFishESBv22/netbeans.app/Contents/Resources/netbeans/java2/ant/patches/72080.jar" />
    <property name="libs.absolutelayout.src" value="" />
    <property name="libs.cdc-pp-awt-layout.maven-pom" value="" />
    <property name="j2ee.server.type" value="J2EE" />
    <property name="os.version" value="10.6.6" />
    <property name="libs.JMUnit4CLDC11.maven-pom" value="" />
    <property name="libs.toplink.javadoc" value="/Applications/GlassFishESBv22/netbeans.app/Contents/Resources/netbeans/enterprise5/docs/javaee5-doc-api.zip" />
    <property name="libs.nb_svg_midp_components.maven-pom" value="" />
    <property name="libs.PojoSELib.maven-pom" value="" />
    <property name="libs.ricoh-ant-utils.javadoc" value="" />
    <property name="libs.NetBeans MIDP Components PDA.maven-pom" value="" />
    <property name="libs.restlib.javadoc" value="/Applications/GlassFishESBv22/netbeans.app/Contents/Resources/netbeans/enterprise5/docs/jersey-api-doc.zip" />
    <property name="java.awt.graphicsenv" value="apple.awt.CGraphicsEnvironment" />
    <property name="libs.beans-binding.javadoc" value="/Applications/GlassFishESBv22/netbeans.app/Contents/Resources/netbeans/java2/docs/beansbinding-1.2.1-doc.zip" />
    <property name="java.vm.vendor" value="Apple Inc." />
    <property name="libs.CopyLibs.classpath" value="/Applications/GlassFishESBv22/netbeans.app/Contents/Resources/netbeans/java2/ant/extra/org-netbeans-modules-java-j2seproject-copylibstask.jar" />
    <property name="libs.spring-webmvc.maven-pom" value="" />
    <property name="libs.ejb3-persistence.classpath" value="/Applications/GlassFishESBv22/netbeans.app/Contents/Resources/netbeans/java2/modules/ext/hibernate/ejb3-persistence.jar" />
    <property name="libs.spring-framework.javadoc" value="" />
    <property name="libs.DataBindingME-PIM.src" value="" />
    <property name="libs.PostgreSQLDriver.classpath" value="/Applications/GlassFishESBv22/netbeans.app/Contents/Resources/netbeans/ide11/modules/ext/postgresql-8.3-603.jdbc3.jar" />
    <property name="libs.jsf12.maven-pom" value="" />
    <property name="soa.module.install.dir" value="/Applications/GlassFishESBv22/netbeans.app/Contents/Resources/netbeans/soa2/modules" />
    <property name="libs.junit.src" value="" />
    <property name="libs.Encoder-Custom.src" value="" />
    <property name="libs.CopyLibs.src" value="" />
    <property name="build.dir" value="build" />
    <property name="ant.version" value="Apache Ant version 1.7.1 compiled on June 27 2008" />
    <property name="file.encoding" value="MacRoman" />
    <property name="awt.toolkit" value="apple.awt.CToolkit" />
  </properties>
  <testcase classname="org.netbeans.modules.compapp.catd.ConfiguredTest" name="TestCase1" time="2.62">
    <failure message="[13.01.2011 17:31:20] The response is not identical to the expected output." type="junit.framework.AssertionFailedError">junit.framework.AssertionFailedError: [13.01.2011 17:31:20] The response is not identical to the expected output.
	at org.netbeans.modules.compapp.catd.ConfiguredTest.checkExpectedOutput(ConfiguredTest.java:2348)
	at org.netbeans.modules.compapp.catd.ConfiguredTest.checkExpectedOutput(ConfiguredTest.java:2218)
	at org.netbeans.modules.compapp.catd.ConfiguredTest.testConcurrentSOAPRequest(ConfiguredTest.java:862)
</failure>
  </testcase>
  <system-out><![CDATA[GenerateATSOutput=${generate.ats.output}
NetBeansUserDir=/Applications/GlassFishESBv22/netbeans.app/Contents/Resources/.netbeans/glassfishesb
awt.nativeDoubleBuffering=true
awt.toolkit=apple.awt.CToolkit
file.encoding=MacRoman
file.encoding.pkg=sun.io
file.separator=/
ftp.nonProxyHosts=local|*.local|169.254/16|*.169.254/16
gopherProxySet=false
http.nonProxyHosts=local|*.local|169.254/16|*.169.254/16
java.awt.graphicsenv=apple.awt.CGraphicsEnvironment
java.awt.printerjob=apple.awt.CPrinterJob
java.class.path=/Applications/GlassFishESBv22/netbeans.app/Contents/Resources/netbeans/soa2/modules/org-netbeans-modules-compapp-manager-jbi.jar:/Applications/GlassFishESBv22/netbeans.app/Contents/Resources/netbeans/soa2/modules/org-netbeans-modules-compapp-projects-jbi.jar:/Applications/GlassFishESBv22/netbeans.app/Contents/Resources/netbeans/soa2/modules/ext/jbi/jbi-admin-common.jar:/Applications/GlassFishESBv22/netbeans.app/Contents/Resources/netbeans/soa2/modules/ext/jbi/catd.jar:/Applications/GlassFishESBv22/netbeans.app/Contents/Resources/netbeans/java2/modules/ext/junit-3.8.2.jar:/Applications/GlassFishESBv22/netbeans.app/Contents/Resources/netbeans/java2/modules/ext/jaxws21/api/saaj-api.jar:/Applications/GlassFishESBv22/netbeans.app/Contents/Resources/netbeans/java2/modules/ext/jaxws21/saaj-impl.jar:/Applications/GlassFishESBv22/netbeans.app/Contents/Resources/netbeans/java2/modules/ext/jaxws21/FastInfoset.jar:/Applications/GlassFishESBv22/netbeans.app/Contents/Resources/netbeans/ide11/modules/org-netbeans-modules-editor-lib.jar:/Applications/GlassFishESBv22/netbeans.app/Contents/Resources/netbeans/ide11/modules/org-netbeans-modules-editor.jar:/Applications/GlassFishESBv22/netbeans.app/Contents/Resources/netbeans/ide11/modules/org-netbeans-modules-editor-util.jar:/Applications/GlassFishESBv22/netbeans.app/Contents/Resources/netbeans/ide11/modules/org-netbeans-modules-editor-lib2.jar:/Applications/GlassFishESBv22/netbeans.app/Contents/Resources/netbeans/ide11/modules/org-netbeans-modules-editor-indent.jar:/Applications/GlassFishESBv22/netbeans.app/Contents/Resources/netbeans/ide11/modules/org-netbeans-modules-editor-plain.jar:/Applications/GlassFishESBv22/netbeans.app/Contents/Resources/netbeans/ide11/modules/org-netbeans-modules-editor-plain-lib.jar:/Applications/GlassFishESBv22/netbeans.app/Contents/Resources/netbeans/ide11/modules/org-netbeans-modules-editor-settings.jar:/Applications/GlassFishESBv22/netbeans.app/Contents/Resources/netbeans/ide11/modules/org-netbeans-modules-editor-settings-storage.jar:/Applications/GlassFishESBv22/netbeans.app/Contents/Resources/netbeans/ide11/modules/org-netbeans-modules-lexer.jar:/Applications/GlassFishESBv22/netbeans.app/Contents/Resources/netbeans/ide11/modules/org-netbeans-modules-xml-core.jar:/Applications/GlassFishESBv22/netbeans.app/Contents/Resources/netbeans/ide11/modules/org-netbeans-modules-xml-lexer.jar:/Applications/GlassFishESBv22/netbeans.app/Contents/Resources/netbeans/ide11/modules/org-netbeans-modules-xml-text.jar:/Applications/GlassFishESBv22/netbeans.app/Contents/Resources/netbeans/ide11/modules/org-netbeans-modules-xml-xdm.jar:/Applications/GlassFishESBv22/netbeans.app/Contents/Resources/netbeans/ide11/modules/org-netbeans-modules-xml-xam.jar:/Applications/GlassFishESBv22/netbeans.app/Contents/Resources/netbeans/ide11/modules/org-netbeans-modules-csl-api.jar:/Applications/GlassFishESBv22/netbeans.app/Contents/Resources/netbeans/ide11/modules/ext/jaxb/activation.jar:/Applications/GlassFishESBv22/netbeans.app/Contents/Resources/netbeans/platform10/lib/org-openide-modules.jar:/Applications/GlassFishESBv22/netbeans.app/Contents/Resources/netbeans/platform10/lib/org-openide-util.jar:/Applications/GlassFishESBv22/netbeans.app/Contents/Resources/netbeans/platform10/modules/org-openide-options.jar:/Applications/GlassFishESBv22/netbeans.app/Contents/Resources/netbeans/platform10/modules/org-openide-text.jar:/Applications/GlassFishESBv22/netbeans.app/Contents/Resources/netbeans/platform10/modules/org-openide-loaders.jar:/Applications/GlassFishESBv22/netbeans.app/Contents/Resources/netbeans/platform10/modules/org-openide-nodes.jar:/Applications/GlassFishESBv22/netbeans.app/Contents/Resources/netbeans/platform10/modules/org-netbeans-modules-editor-mimelookup.jar:/Applications/GlassFishESBv22/netbeans.app/Contents/Resources/netbeans/platform10/modules/org-netbeans-modules-editor-mimelookup-impl.jar:/Applications/GlassFishESBv22/netbeans.app/Contents/Resources/netbeans/platform10/core/org-openide-filesystems.jar:/Applications/GlassFishESBv22/netbeans.app/Contents/Resources/netbeans/java2/ant/lib/ant-launcher.jar:/Applications/GlassFishESBv22/netbeans.app/Contents/Resources/netbeans/java2/ant/lib/ant.jar:/Applications/GlassFishESBv22/netbeans.app/Contents/Resources/netbeans/java2/ant/patches/72080.jar
java.class.version=50.0
java.endorsed.dirs=/System/Library/Java/JavaVirtualMachines/1.6.0.jdk/Contents/Home/lib/endorsed
java.ext.dirs=/Library/Java/Extensions:/System/Library/Java/Extensions:/System/Library/Java/JavaVirtualMachines/1.6.0.jdk/Contents/Home/lib/ext
java.home=/System/Library/Java/JavaVirtualMachines/1.6.0.jdk/Contents/Home
java.io.tmpdir=/var/folders/CN/CN9lWWVcGL8yTafU2CHebE+++TI/-Tmp-/
java.library.path=.:/Library/Java/Extensions:/System/Library/Java/Extensions:/usr/lib/java
java.runtime.name=Java(TM) SE Runtime Environment
java.runtime.version=1.6.0_22-b04-307-10M3261
java.specification.name=Java Platform API Specification
java.specification.vendor=Sun Microsystems Inc.
java.specification.version=1.6
java.vendor=Apple Inc.
java.vendor.url=http://www.apple.com/
java.vendor.url.bug=http://bugreport.apple.com/
java.version=1.6.0_22
java.vm.info=mixed mode
java.vm.name=Java HotSpot(TM) 64-Bit Server VM
java.vm.specification.name=Java Virtual Machine Specification
java.vm.specification.vendor=Sun Microsystems Inc.
java.vm.specification.version=1.0
java.vm.vendor=Apple Inc.
java.vm.version=17.1-b03-307
line.separator=

mrj.build=10M3261
mrj.version=1060.1.6.0_22-307
org.netbeans.modules.compapp.catd.context=
os.arch=x86_64
os.name=Mac OS X
os.version=10.6.6
path.separator=:
socksNonProxyHosts=local|*.local|169.254/16|*.169.254/16
sun.arch.data.model=64
sun.boot.class.path=/System/Library/Java/JavaVirtualMachines/1.6.0.jdk/Contents/Classes/jsfd.jar:/System/Library/Java/JavaVirtualMachines/1.6.0.jdk/Contents/Classes/classes.jar:/System/Library/Frameworks/JavaVM.framework/Frameworks/JavaRuntimeSupport.framework/Resources/Java/JavaRuntimeSupport.jar:/System/Library/Java/JavaVirtualMachines/1.6.0.jdk/Contents/Classes/ui.jar:/System/Library/Java/JavaVirtualMachines/1.6.0.jdk/Contents/Classes/laf.jar:/System/Library/Java/JavaVirtualMachines/1.6.0.jdk/Contents/Classes/sunrsasign.jar:/System/Library/Java/JavaVirtualMachines/1.6.0.jdk/Contents/Classes/jsse.jar:/System/Library/Java/JavaVirtualMachines/1.6.0.jdk/Contents/Classes/jce.jar:/System/Library/Java/JavaVirtualMachines/1.6.0.jdk/Contents/Classes/charsets.jar
sun.boot.library.path=/System/Library/Java/JavaVirtualMachines/1.6.0.jdk/Contents/Libraries
sun.cpu.endian=little
sun.cpu.isalist=
sun.io.unicode.encoding=UnicodeLittle
sun.java.launcher=SUN_STANDARD
sun.jnu.encoding=MacRoman
sun.management.compiler=HotSpot 64-Bit Server Compiler
sun.os.patch.level=unknown
user.country=DE
user.dir=/Users/manuelmaly/Development/Uni/AIC-2010-Group-25/lab2_25_app
user.home=/Users/manuelmaly
user.language=de
user.name=manuelmaly
user.timezone=Europe/Vienna
Test TestCase1\Concurrent.properties
  * Difference (Delete): #text
  * Difference (Add): #text
  * Difference (Delete): #text
  * Difference (Add): #text
 Failed. (Destination: http://localhost:9080/OrderProcessService/OrderProcessPort)
]]></system-out>
  <system-err><![CDATA[13.01.2011 17:31:20 org.netbeans.modules.editor.settings.storage.keybindings.KeyMapsStorage$KeyMapsReader startElement
WARNUNG: Duplicate shortcut 'D-SPACE' definition; rebound from 'all-completion-show' to 'completion-show' in (Editors/Keybindings/NetBeans/Defaults/org-netbeans-modules-editor-keybindings.xml).
13.01.2011 17:31:20 org.netbeans.modules.csl.core.LanguageRegistry readSfs
INFO: No CslPlugins folder
]]></system-err>
</testsuite>
